[2019-12-12 14:19:58]-[error]-[file /var/www/swoft/app/controllers/AbcController.php not found]
[2019-12-12 14:20:43]-[error]-[file /var/www/swoft/app/controllers/AbcController.php not found]
[2019-12-12 14:33:51]-[info]-[app\controllers\IndexController/actionIndex]
[2019-12-12 14:34:04]-[info]-[app\controllers\IndexController/actionIndex]
[2019-12-12 14:34:51]-[info]-[hre116]
[2019-12-12 14:34:51]-[info]-[app\controllers\IndexController/actionIndex]
[2019-12-12 14:35:23]-[info]-[]
[2019-12-12 14:35:23]-[info]-[hre116]
[2019-12-12 14:35:23]-[info]-[app\controllers\IndexController/actionIndex]
[2019-12-12 14:40:38]-[error]-[function not exists]
[2019-12-12 15:33:07]-[error]-[function not exists]
[2019-12-12 15:33:08]-[error]-[function not exists]
[2019-12-12 15:33:13]-[info]-[app\controllers\IndexController/actionIndex]
[2019-12-12 15:34:14]-[info]-[app\controllers\IndexController/actionIndex]
[2019-12-12 15:43:55]-[info]-[app\controllers\IndexController/actionIndex]
[2019-12-12 15:43:55]-[info]-[app\controllers\IndexController/actionIndex]
[2019-12-12 16:02:07]-[info]-[app\controllers\IndexController/actionIndex]
[2019-12-12 16:02:46]-[info]-[app\controllers\IndexController/actionIndex]
[2019-12-12 16:03:46]-[info]-[app\controllers\IndexController/actionIndex]
[2019-12-12 16:03:46]-[info]-[app\controllers\IndexController/actionIndex]
[2019-12-12 16:05:11]-[info]-[app\controllers\IndexController/actionIndex]
[2019-12-12 16:06:26]-[info]-[app\controllers\IndexController/actionIndex]
[2019-12-12 16:06:28]-[info]-[app\controllers\IndexController/actionIndex]
[2019-12-12 16:06:28]-[info]-[app\controllers\IndexController/actionIndex]
[2019-12-12 16:06:28]-[info]-[app\controllers\IndexController/actionIndex]
[2019-12-12 16:06:29]-[info]-[app\controllers\IndexController/actionIndex]
[2019-12-12 16:06:29]-[info]-[app\controllers\IndexController/actionIndex]
[2019-12-12 16:06:29]-[info]-[app\controllers\IndexController/actionIndex]
[2019-12-12 16:07:26]-[info]-[app\controllers\IndexController/actionIndex]
[2019-12-12 16:10:15]-[info]-[app\controllers\IndexController/actionIndex]
[2019-12-12 16:10:16]-[info]-[app\controllers\IndexController/actionIndex]
[2019-12-12 16:10:17]-[info]-[app\controllers\IndexController/actionIndex]
[2019-12-12 16:10:17]-[info]-[app\controllers\IndexController/actionIndex]
[2019-12-12 16:10:18]-[info]-[app\controllers\IndexController/actionIndex]
[2019-12-12 16:10:18]-[info]-[app\controllers\IndexController/actionIndex]
[2019-12-12 16:10:18]-[info]-[app\controllers\IndexController/actionIndex]
[2019-12-12 16:14:10]-[info]-[app\controllers\IndexController/actionIndex]
[2019-12-12 16:14:11]-[info]-[app\controllers\IndexController/actionIndex]
[2019-12-12 16:14:12]-[info]-[app\controllers\IndexController/actionIndex]
[2019-12-12 16:14:12]-[info]-[app\controllers\IndexController/actionIndex]
[2019-12-12 16:14:13]-[info]-[app\controllers\IndexController/actionIndex]
[2019-12-12 16:14:13]-[info]-[app\controllers\IndexController/actionIndex]
[2019-12-12 16:15:07]-[info]-[app\controllers\IndexController/actionIndex]
[2019-12-12 16:15:08]-[info]-[app\controllers\IndexController/actionIndex]
[2019-12-12 16:15:08]-[info]-[app\controllers\IndexController/actionIndex]
[2019-12-12 16:15:09]-[info]-[app\controllers\IndexController/actionIndex]
[2019-12-12 16:15:47]-[info]-[app\controllers\IndexController/actionIndex]
[2019-12-12 16:15:48]-[info]-[app\controllers\IndexController/actionIndex]
[2019-12-12 16:16:50]-[info]-[app\controllers\IndexController/actionIndex]
[2019-12-12 16:20:51]-[info]-[app\controllers\IndexController/actionIndex]
[2019-12-12 16:21:43]-[info]-[app\controllers\IndexController/actionIndex]
[2019-12-12 16:21:44]-[info]-[app\controllers\IndexController/actionIndex]
[2019-12-12 16:22:02]-[info]-[app\controllers\IndexController/actionIndex]
[2019-12-12 16:23:47]-[info]-[app\controllers\IndexController/actionIndex]
[2019-12-12 16:23:47]-[error]-[file /var/www/swoft/app/controllers/Swoole/Coroutine/MySQL.php not found]
[2019-12-12 16:24:46]-[info]-[app\controllers\IndexController/actionIndex]
[2019-12-12 16:24:58]-[info]-[app\controllers\IndexController/actionIndex]
[2019-12-12 16:24:59]-[info]-[app\controllers\IndexController/actionIndex]
[2019-12-12 16:24:59]-[info]-[app\controllers\IndexController/actionIndex]
[2019-12-12 16:24:59]-[info]-[app\controllers\IndexController/actionIndex]
[2019-12-12 16:25:00]-[info]-[app\controllers\IndexController/actionIndex]
