[2019-12-12 15:34:14 *28.2]	ERROR	php_swoole_server_rshutdown (ERRNO 503): Fatal error: Uncaught Error: Call to a member function query() on null in /var/www/swoft/app/controllers/IndexController.php:21
Stack trace:
#0 /var/www/swoft/core/lib/Controller.php(38): app\controllers\IndexController->actionIndex()
#1 /var/www/swoft/core/lib/App.php(54): core\lib\Controller->run('actionIndex')
#2 /var/www/swoft/core/server/HttpServer.php(48): core\lib\App->http(Object(Swoole\Http\Request), Object(Swoole\Http\Response))
#3 {main}
  thrown in /var/www/swoft/app/controllers/IndexController.php on line 21
[2019-12-12 15:34:14 $23.0]	WARNING	swManager_check_exit_status: worker#2[pid=28] abnormal exit, status=255, signal=0
[2019-12-12 15:44:00 *45.2]	NOTICE	swFactoryProcess_finish (ERRNO 1005): connection[fd=2] does not exists
[2019-12-12 16:02:46 *27.2]	ERROR	php_swoole_server_rshutdown (ERRNO 503): Fatal error: Uncaught Error: Call to a member function query() on null in /var/www/swoft/app/controllers/IndexController.php:21
Stack trace:
#0 /var/www/swoft/core/lib/Controller.php(38): app\controllers\IndexController->actionIndex()
#1 /var/www/swoft/core/lib/App.php(54): core\lib\Controller->run('actionIndex')
#2 /var/www/swoft/core/server/HttpServer.php(48): core\lib\App->http(Object(Swoole\Http\Request), Object(Swoole\Http\Response))
#3 {main}
  thrown in /var/www/swoft/app/controllers/IndexController.php on line 21
[2019-12-12 16:02:46 $22.0]	WARNING	swManager_check_exit_status: worker#2[pid=27] abnormal exit, status=255, signal=0
[2019-12-12 16:23:47 *77.2]	ERROR	php_swoole_server_rshutdown (ERRNO 503): Fatal error: Uncaught Error: Class 'app\controllers\Swoole\Coroutine\MySQL' not found in /var/www/swoft/app/controllers/IndexController.php:20
Stack trace:
#0 /var/www/swoft/core/lib/Controller.php(38): app\controllers\IndexController->actionIndex()
#1 /var/www/swoft/core/lib/App.php(54): core\lib\Controller->run('actionIndex')
#2 /var/www/swoft/core/server/HttpServer.php(48): core\lib\App->http(Object(Swoole\Http\Request), Object(Swoole\Http\Response))
#3 {main}
  thrown in /var/www/swoft/app/controllers/IndexController.php on line 20
[2019-12-12 16:23:47 $72.0]	WARNING	swManager_check_exit_status: worker#2[pid=77] abnormal exit, status=255, signal=0
[2019-12-13 10:17:20 *97.2]	ERROR	php_swoole_server_rshutdown (ERRNO 503): Fatal error: Uncaught Error: Call to a member function prepare() on null in /var/www/swoft/core/lib/mysql/Mysql.php:82
Stack trace:
#0 /var/www/swoft/app/controllers/IndexController.php(20): core\lib\mysql\Mysql::query('select * from t...')
#1 /var/www/swoft/core/lib/Controller.php(38): app\controllers\IndexController->actionIndex()
#2 /var/www/swoft/core/lib/App.php(54): core\lib\Controller->run('actionIndex')
#3 /var/www/swoft/core/server/HttpServer.php(48): core\lib\App->http(Object(Swoole\Http\Request), Object(Swoole\Http\Response))
#4 {main}
  thrown in /var/www/swoft/core/lib/mysql/Mysql.php on line 82
[2019-12-13 10:17:20 $92.0]	WARNING	swManager_check_exit_status: worker#2[pid=97] abnormal exit, status=255, signal=0
[2019-12-13 10:58:22 *130.2]	ERROR	php_swoole_server_rshutdown (ERRNO 503): Fatal error: Uncaught Error: Call to a member function prepare() on null in /var/www/swoft/core/lib/mysql/Mysql.php:82
Stack trace:
#0 /var/www/swoft/app/controllers/IndexController.php(18): core\lib\mysql\Mysql::query('select * from t...')
#1 /var/www/swoft/core/lib/Controller.php(38): app\controllers\IndexController->actionIndex()
#2 /var/www/swoft/core/lib/App.php(54): core\lib\Controller->run('actionIndex')
#3 /var/www/swoft/core/server/HttpServer.php(48): core\lib\App->http(Object(Swoole\Http\Request), Object(Swoole\Http\Response))
#4 {main}
  thrown in /var/www/swoft/core/lib/mysql/Mysql.php on line 82
[2019-12-13 10:58:22 $125.0]	WARNING	swManager_check_exit_status: worker#2[pid=130] abnormal exit, status=255, signal=0
[2019-12-13 11:01:52 *162.2]	ERROR	php_swoole_server_rshutdown (ERRNO 503): Fatal error: Uncaught Error: Call to a member function prepare() on null in /var/www/swoft/core/lib/mysql/Mysql.php:82
Stack trace:
#0 /var/www/swoft/app/controllers/IndexController.php(18): core\lib\mysql\Mysql::query('select * from t...')
#1 /var/www/swoft/core/lib/Controller.php(38): app\controllers\IndexController->actionIndex()
#2 /var/www/swoft/core/lib/App.php(54): core\lib\Controller->run('actionIndex')
#3 /var/www/swoft/core/server/HttpServer.php(48): core\lib\App->http(Object(Swoole\Http\Request), Object(Swoole\Http\Response))
#4 {main}
  thrown in /var/www/swoft/core/lib/mysql/Mysql.php on line 82
[2019-12-13 11:01:52 $157.0]	WARNING	swManager_check_exit_status: worker#2[pid=162] abnormal exit, status=255, signal=0
[2019-12-13 11:04:40 *166.2]	ERROR	php_swoole_server_rshutdown (ERRNO 503): Fatal error: Uncaught Error: Call to a member function prepare() on null in /var/www/swoft/core/lib/mysql/Mysql.php:82
Stack trace:
#0 /var/www/swoft/app/controllers/IndexController.php(18): core\lib\mysql\Mysql::query('select * from t...')
#1 /var/www/swoft/core/lib/Controller.php(38): app\controllers\IndexController->actionIndex()
#2 /var/www/swoft/core/lib/App.php(54): core\lib\Controller->run('actionIndex')
#3 /var/www/swoft/core/server/HttpServer.php(48): core\lib\App->http(Object(Swoole\Http\Request), Object(Swoole\Http\Response))
#4 {main}
  thrown in /var/www/swoft/core/lib/mysql/Mysql.php on line 82
[2019-12-13 11:04:40 $157.0]	WARNING	swManager_check_exit_status: worker#2[pid=166] abnormal exit, status=255, signal=0
[2019-12-13 11:04:40 *161.1]	ERROR	php_swoole_server_rshutdown (ERRNO 503): Fatal error: Uncaught Error: Call to a member function prepare() on null in /var/www/swoft/core/lib/mysql/Mysql.php:82
Stack trace:
#0 /var/www/swoft/app/controllers/IndexController.php(18): core\lib\mysql\Mysql::query('select * from t...')
#1 /var/www/swoft/core/lib/Controller.php(38): app\controllers\IndexController->actionIndex()
#2 /var/www/swoft/core/lib/App.php(54): core\lib\Controller->run('actionIndex')
#3 /var/www/swoft/core/server/HttpServer.php(48): core\lib\App->http(Object(Swoole\Http\Request), Object(Swoole\Http\Response))
#4 {main}
  thrown in /var/www/swoft/core/lib/mysql/Mysql.php on line 82
[2019-12-13 11:04:40 $157.0]	WARNING	swManager_check_exit_status: worker#1[pid=161] abnormal exit, status=255, signal=0
